13.0s 1 /kaggle/input/cancer-patients-and-air-pollution-a-new-link/cancer patient data sets.csv
13.3s 2 <class 'pandas.core.frame.DataFrame'>
13.3s 3 RangeIndex: 1000 entries, 0 to 999
13.3s 4 Data columns (total 26 columns):
13.3s 5 #   Column                    Non-Null Count  Dtype
13.3s 6 ---  ------                    --------------  -----
13.3s 7 0   index                     1000 non-null   int64
13.3s 8 1   Patient Id                1000 non-null   object
13.3s 9 2   Age                       1000 non-null   int64
13.3s 10 3   Gender                    1000 non-null   int64
13.3s 11 4   Air Pollution             1000 non-null   int64
13.3s 12 5   Alcohol use               1000 non-null   int64
13.3s 13 6   Dust Allergy              1000 non-null   int64
13.3s 14 7   OccuPational Hazards      1000 non-null   int64
13.3s 15 8   Genetic Risk              1000 non-null   int64
13.3s 16 9   chronic Lung Disease      1000 non-null   int64
13.3s 17 10  Balanced Diet             1000 non-null   int64
13.3s 18 11  Obesity                   1000 non-null   int64
13.3s 19 12  Smoking                   1000 non-null   int64
13.3s 20 13  Passive Smoker            1000 non-null   int64
13.3s 21 14  Chest Pain                1000 non-null   int64
13.3s 22 15  Coughing of Blood         1000 non-null   int64
13.3s 23 16  Fatigue                   1000 non-null   int64
13.3s 24 17  Weight Loss               1000 non-null   int64
13.3s 25 18  Shortness of Breath       1000 non-null   int64
13.3s 26 19  Wheezing                  1000 non-null   int64
13.3s 27 20  Swallowing Difficulty     1000 non-null   int64
13.3s 28 21  Clubbing of Finger Nails  1000 non-null   int64
13.3s 29 22  Frequent Cold             1000 non-null   int64
13.3s 30 23  Dry Cough                 1000 non-null   int64
13.3s 31 24  Snoring                   1000 non-null   int64
13.3s 32 25  Level                     1000 non-null   object
13.3s 33 dtypes: int64(24), object(2)
13.3s 34 memory usage: 203.2+ KB
14.0s 35 /opt/conda/lib/python3.7/site-packages/sklearn/utils/validation.py:993: DataConversionWarning: A column-vector y was passed when a 1d array was expected. Please change the shape of y to (n_samples, ), for example using ravel().
14.0s 36 y = column_or_1d(y, warn=True)
14.0s 37 /opt/conda/lib/python3.7/site-packages/sklearn/linear_model/_logistic.py:818: ConvergenceWarning: lbfgs failed to converge (status=1):
14.0s 38 STOP: TOTAL NO. of ITERATIONS REACHED LIMIT.
14.0s 39 
14.0s 40 Increase the number of iterations (max_iter) or scale the data as shown in:
14.0s 41 https://scikit-learn.org/stable/modules/preprocessing.html
14.0s 42 Please also refer to the documentation for alternative solver options:
14.0s 43 https://scikit-learn.org/stable/modules/linear_model.html#logistic-regression
14.0s 44 extra_warning_msg=_LOGISTIC_SOLVER_CONVERGENCE_MSG,
14.3s 45 /opt/conda/lib/python3.7/site-packages/sklearn/utils/validation.py:993: DataConversionWarning: A column-vector y was passed when a 1d array was expected. Please change the shape of y to (n_samples, ), for example using ravel().
14.3s 46 y = column_or_1d(y, warn=True)
14.4s 47 /opt/conda/lib/python3.7/site-packages/sklearn/utils/validation.py:993: DataConversionWarning: A column-vector y was passed when a 1d array was expected. Please change the shape of y to (n_samples, ), for example using ravel().
14.4s 48 y = column_or_1d(y, warn=True)
14.5s 49 /opt/conda/lib/python3.7/site-packages/ipykernel_launcher.py:2: DataConversionWarning: A column-vector y was passed when a 1d array was expected. Please change the shape of y to (n_samples,), for example using ravel().
14.5s 50 
14.8s 51 R2 score for  KNeighborsRegressor()  is :  0.9928292046936115
14.8s 52 R2 score for  LinearRegression()  is :  0.8892632247878243
14.8s 53 R2 score for  LogisticRegression()  is :  0.991851368970013
14.8s 54 R2 score for  Ridge()  is :  0.889160657885216
14.8s 55 R2 score for  Lasso()  is :  0.38622172514921493
14.8s 56 R2 score for  SVC()  is :  0.9348109517601043
14.8s 57 R2 score for  GaussianNB()  is :  0.771838331160365
14.8s 58 R2 score for  RandomForestClassifier()  is :  1.0
19.0s 59 /opt/conda/lib/python3.7/site-packages/traitlets/traitlets.py:2758: FutureWarning: --Exporter.preprocessors=["remove_papermill_header.RemovePapermillHeader"] for containers is deprecated in traitlets 5.0. You can pass `--Exporter.preprocessors item` ... multiple times to add items to a list.
19.0s 60 FutureWarning,
19.0s 61 [NbConvertApp] Converting notebook __notebook__.ipynb to notebook
19.4s 62 [NbConvertApp] Writing 72831 bytes to __notebook__.ipynb
22.2s 63 /opt/conda/lib/python3.7/site-packages/traitlets/traitlets.py:2758: FutureWarning: --Exporter.preprocessors=["nbconvert.preprocessors.ExtractOutputPreprocessor"] for containers is deprecated in traitlets 5.0. You can pass `--Exporter.preprocessors item` ... multiple times to add items to a list.
22.2s 64 FutureWarning,
22.2s 65 [NbConvertApp] Converting notebook __notebook__.ipynb to html
23.2s 66 [NbConvertApp] Writing 323786 bytes to __results__.html