14.0s 1 /kaggle/input/cancer-patients-and-air-pollution-a-new-link/cancer patient data sets.csv
14.2s 2 <class 'pandas.core.frame.DataFrame'>
14.2s 3 RangeIndex: 1000 entries, 0 to 999
14.2s 4 Data columns (total 26 columns):
14.2s 5 #   Column                    Non-Null Count  Dtype
14.2s 6 ---  ------                    --------------  -----
14.2s 7 0   index                     1000 non-null   int64
14.2s 8 1   Patient Id                1000 non-null   object
14.2s 9 2   Age                       1000 non-null   int64
14.2s 10 3   Gender                    1000 non-null   int64
14.2s 11 4   Air Pollution             1000 non-null   int64
14.2s 12 5   Alcohol use               1000 non-null   int64
14.2s 13 6   Dust Allergy              1000 non-null   int64
14.2s 14 7   OccuPational Hazards      1000 non-null   int64
14.2s 15 8   Genetic Risk              1000 non-null   int64
14.2s 16 9   chronic Lung Disease      1000 non-null   int64
14.2s 17 10  Balanced Diet             1000 non-null   int64
14.2s 18 11  Obesity                   1000 non-null   int64
14.2s 19 12  Smoking                   1000 non-null   int64
14.2s 20 13  Passive Smoker            1000 non-null   int64
14.2s 21 14  Chest Pain                1000 non-null   int64
14.2s 22 15  Coughing of Blood         1000 non-null   int64
14.2s 23 16  Fatigue                   1000 non-null   int64
14.2s 24 17  Weight Loss               1000 non-null   int64
14.2s 25 18  Shortness of Breath       1000 non-null   int64
14.2s 26 19  Wheezing                  1000 non-null   int64
14.2s 27 20  Swallowing Difficulty     1000 non-null   int64
14.2s 28 21  Clubbing of Finger Nails  1000 non-null   int64
14.2s 29 22  Frequent Cold             1000 non-null   int64
14.2s 30 23  Dry Cough                 1000 non-null   int64
14.2s 31 24  Snoring                   1000 non-null   int64
14.2s 32 25  Level                     1000 non-null   object
14.2s 33 dtypes: int64(24), object(2)
14.2s 34 memory usage: 203.2+ KB
15.2s 35 /opt/conda/lib/python3.7/site-packages/sklearn/utils/validation.py:993: DataConversionWarning: A column-vector y was passed when a 1d array was expected. Please change the shape of y to (n_samples, ), for example using ravel().
15.2s 36 y = column_or_1d(y, warn=True)
15.2s 37 /opt/conda/lib/python3.7/site-packages/sklearn/linear_model/_logistic.py:818: ConvergenceWarning: lbfgs failed to converge (status=1):
15.2s 38 STOP: TOTAL NO. of ITERATIONS REACHED LIMIT.
15.2s 39 
15.2s 40 Increase the number of iterations (max_iter) or scale the data as shown in:
15.2s 41 https://scikit-learn.org/stable/modules/preprocessing.html
15.2s 42 Please also refer to the documentation for alternative solver options:
15.2s 43 https://scikit-learn.org/stable/modules/linear_model.html#logistic-regression
15.2s 44 extra_warning_msg=_LOGISTIC_SOLVER_CONVERGENCE_MSG,
15.5s 45 /opt/conda/lib/python3.7/site-packages/sklearn/utils/validation.py:993: DataConversionWarning: A column-vector y was passed when a 1d array was expected. Please change the shape of y to (n_samples, ), for example using ravel().
15.5s 46 y = column_or_1d(y, warn=True)
15.6s 47 /opt/conda/lib/python3.7/site-packages/sklearn/utils/validation.py:993: DataConversionWarning: A column-vector y was passed when a 1d array was expected. Please change the shape of y to (n_samples, ), for example using ravel().
15.6s 48 y = column_or_1d(y, warn=True)
15.7s 49 /opt/conda/lib/python3.7/site-packages/ipykernel_launcher.py:2: DataConversionWarning: A column-vector y was passed when a 1d array was expected. Please change the shape of y to (n_samples,), for example using ravel().
15.7s 50 
16.0s 51 R2 score for  KNeighborsRegressor()  is :  1.0
16.0s 52 R2 score for  LinearRegression()  is :  0.933968922044628
16.0s 53 R2 score for  LogisticRegression()  is :  0.9302973977695167
16.0s 54 R2 score for  Ridge()  is :  0.9339556458305182
16.0s 55 R2 score for  Lasso()  is :  0.3877908195015577
16.0s 56 R2 score for  SVC()  is :  0.9535315985130112
16.0s 57 R2 score for  GaussianNB()  is :  0.798636926889715
16.0s 58 R2 score for  RandomForestClassifier()  is :  1.0
19.9s 59 /opt/conda/lib/python3.7/site-packages/traitlets/traitlets.py:2758: FutureWarning: --Exporter.preprocessors=["remove_papermill_header.RemovePapermillHeader"] for containers is deprecated in traitlets 5.0. You can pass `--Exporter.preprocessors item` ... multiple times to add items to a list.
19.9s 60 FutureWarning,
19.9s 61 [NbConvertApp] Converting notebook __notebook__.ipynb to notebook
20.3s 62 [NbConvertApp] Writing 91356 bytes to __notebook__.ipynb
22.9s 63 /opt/conda/lib/python3.7/site-packages/traitlets/traitlets.py:2758: FutureWarning: --Exporter.preprocessors=["nbconvert.preprocessors.ExtractOutputPreprocessor"] for containers is deprecated in traitlets 5.0. You can pass `--Exporter.preprocessors item` ... multiple times to add items to a list.
22.9s 64 FutureWarning,
22.9s 65 [NbConvertApp] Converting notebook __notebook__.ipynb to html
23.7s 66 [NbConvertApp] Writing 336346 bytes to __results__.html